C:\Program Files (x86)\MSBuild\Microsoft.Cpp\v4.0\V140\Microsoft.CppBuild.targets(392,5): warning MSB8028: The intermediate directory (Debug\) contains files shared from another project (WinSocket.vcxproj).  This can lead to incorrect clean and rebuild behavior.
  WinSockBaseSerialization.cpp
c:\program files (x86)\microsoft visual studio 14.0\vc\include\my\winsocket.h(23): warning C4290: C++ exception specification ignored except to indicate a function is not __declspec(nothrow)
c:\program files (x86)\microsoft visual studio 14.0\vc\include\my\winsocket.h(24): warning C4290: C++ exception specification ignored except to indicate a function is not __declspec(nothrow)
c:\program files (x86)\microsoft visual studio 14.0\vc\include\my\winsocket.h(25): warning C4290: C++ exception specification ignored except to indicate a function is not __declspec(nothrow)
c:\program files (x86)\microsoft visual studio 14.0\vc\include\my\winsocket.h(39): warning C4290: C++ exception specification ignored except to indicate a function is not __declspec(nothrow)
c:\program files (x86)\microsoft visual studio 14.0\vc\include\my\winsocket.h(43): warning C4290: C++ exception specification ignored except to indicate a function is not __declspec(nothrow)
c:\program files (x86)\microsoft visual studio 14.0\vc\include\my\winsocket.h(47): warning C4290: C++ exception specification ignored except to indicate a function is not __declspec(nothrow)
c:\program files (x86)\microsoft visual studio 14.0\vc\include\my\winsocket.h(51): warning C4290: C++ exception specification ignored except to indicate a function is not __declspec(nothrow)
c:\program files (x86)\microsoft visual studio 14.0\vc\include\my\winsocket.h(52): warning C4290: C++ exception specification ignored except to indicate a function is not __declspec(nothrow)
c:\program files (x86)\microsoft visual studio 14.0\vc\include\my\winsocket.h(56): warning C4290: C++ exception specification ignored except to indicate a function is not __declspec(nothrow)
c:\program files (x86)\microsoft visual studio 14.0\vc\include\my\winsocket.h(60): warning C4290: C++ exception specification ignored except to indicate a function is not __declspec(nothrow)
c:\program files (x86)\microsoft visual studio 14.0\vc\include\my\winsocket.h(63): warning C4290: C++ exception specification ignored except to indicate a function is not __declspec(nothrow)
c:\program files (x86)\microsoft visual studio 14.0\vc\include\my\winsocket.h(66): warning C4290: C++ exception specification ignored except to indicate a function is not __declspec(nothrow)
c:\program files (x86)\microsoft visual studio 14.0\vc\include\my\winsocket.h(69): warning C4290: C++ exception specification ignored except to indicate a function is not __declspec(nothrow)
c:\program files (x86)\microsoft visual studio 14.0\vc\include\my\winsocket.h(74): warning C4290: C++ exception specification ignored except to indicate a function is not __declspec(nothrow)
c:\program files (x86)\microsoft visual studio 14.0\vc\include\my\winsocket.h(78): warning C4290: C++ exception specification ignored except to indicate a function is not __declspec(nothrow)
c:\program files (x86)\microsoft visual studio 14.0\vc\include\my\winsocket.h(79): warning C4290: C++ exception specification ignored except to indicate a function is not __declspec(nothrow)
c:\program files (x86)\microsoft visual studio 14.0\vc\include\my\winsockbaseserialization.h(13): warning C4290: C++ exception specification ignored except to indicate a function is not __declspec(nothrow)
c:\program files (x86)\microsoft visual studio 14.0\vc\include\my\winsockbaseserialization.h(15): warning C4267: 'argument': conversion from 'size_t' to 'const unsigned short', possible loss of data
c:\program files (x86)\microsoft visual studio 14.0\vc\include\my\winsockbaseserialization.h(19): warning C4267: 'argument': conversion from 'size_t' to 'const unsigned short', possible loss of data
c:\program files (x86)\microsoft visual studio 14.0\vc\include\my\winsockbaseserialization.h(24): warning C4290: C++ exception specification ignored except to indicate a function is not __declspec(nothrow)
c:\program files (x86)\microsoft visual studio 14.0\vc\include\my\winsockbaseserialization.cpp(5): warning C4290: C++ exception specification ignored except to indicate a function is not __declspec(nothrow)
c:\program files (x86)\microsoft visual studio 14.0\vc\include\my\winsockbaseserialization.cpp(6): warning C4838: conversion from 'int' to 'char' requires a narrowing conversion
c:\program files (x86)\microsoft visual studio 14.0\vc\include\my\winsockbaseserialization.cpp(12): warning C4290: C++ exception specification ignored except to indicate a function is not __declspec(nothrow)
  WinSocket.cpp
c:\program files (x86)\microsoft visual studio 14.0\vc\include\my\winsocket.h(23): warning C4290: C++ exception specification ignored except to indicate a function is not __declspec(nothrow)
c:\program files (x86)\microsoft visual studio 14.0\vc\include\my\winsocket.h(24): warning C4290: C++ exception specification ignored except to indicate a function is not __declspec(nothrow)
c:\program files (x86)\microsoft visual studio 14.0\vc\include\my\winsocket.h(25): warning C4290: C++ exception specification ignored except to indicate a function is not __declspec(nothrow)
c:\program files (x86)\microsoft visual studio 14.0\vc\include\my\winsocket.h(39): warning C4290: C++ exception specification ignored except to indicate a function is not __declspec(nothrow)
c:\program files (x86)\microsoft visual studio 14.0\vc\include\my\winsocket.h(43): warning C4290: C++ exception specification ignored except to indicate a function is not __declspec(nothrow)
c:\program files (x86)\microsoft visual studio 14.0\vc\include\my\winsocket.h(47): warning C4290: C++ exception specification ignored except to indicate a function is not __declspec(nothrow)
c:\program files (x86)\microsoft visual studio 14.0\vc\include\my\winsocket.h(51): warning C4290: C++ exception specification ignored except to indicate a function is not __declspec(nothrow)
c:\program files (x86)\microsoft visual studio 14.0\vc\include\my\winsocket.h(52): warning C4290: C++ exception specification ignored except to indicate a function is not __declspec(nothrow)
c:\program files (x86)\microsoft visual studio 14.0\vc\include\my\winsocket.h(56): warning C4290: C++ exception specification ignored except to indicate a function is not __declspec(nothrow)
c:\program files (x86)\microsoft visual studio 14.0\vc\include\my\winsocket.h(60): warning C4290: C++ exception specification ignored except to indicate a function is not __declspec(nothrow)
c:\program files (x86)\microsoft visual studio 14.0\vc\include\my\winsocket.h(63): warning C4290: C++ exception specification ignored except to indicate a function is not __declspec(nothrow)
c:\program files (x86)\microsoft visual studio 14.0\vc\include\my\winsocket.h(66): warning C4290: C++ exception specification ignored except to indicate a function is not __declspec(nothrow)
c:\program files (x86)\microsoft visual studio 14.0\vc\include\my\winsocket.h(69): warning C4290: C++ exception specification ignored except to indicate a function is not __declspec(nothrow)
c:\program files (x86)\microsoft visual studio 14.0\vc\include\my\winsocket.h(74): warning C4290: C++ exception specification ignored except to indicate a function is not __declspec(nothrow)
c:\program files (x86)\microsoft visual studio 14.0\vc\include\my\winsocket.h(78): warning C4290: C++ exception specification ignored except to indicate a function is not __declspec(nothrow)
c:\program files (x86)\microsoft visual studio 14.0\vc\include\my\winsocket.h(79): warning C4290: C++ exception specification ignored except to indicate a function is not __declspec(nothrow)
c:\program files (x86)\microsoft visual studio 14.0\vc\include\my\winsocket.cpp(18): warning C4290: C++ exception specification ignored except to indicate a function is not __declspec(nothrow)
c:\program files (x86)\microsoft visual studio 14.0\vc\include\my\winsocket.cpp(27): warning C4290: C++ exception specification ignored except to indicate a function is not __declspec(nothrow)
c:\program files (x86)\microsoft visual studio 14.0\vc\include\my\winsocket.cpp(43): warning C4290: C++ exception specification ignored except to indicate a function is not __declspec(nothrow)
c:\program files (x86)\microsoft visual studio 14.0\vc\include\my\winsocket.cpp(49): warning C4290: C++ exception specification ignored except to indicate a function is not __declspec(nothrow)
c:\program files (x86)\microsoft visual studio 14.0\vc\include\my\winsocket.cpp(50): warning C4290: C++ exception specification ignored except to indicate a function is not __declspec(nothrow)
c:\program files (x86)\microsoft visual studio 14.0\vc\include\my\winsocket.cpp(54): warning C4290: C++ exception specification ignored except to indicate a function is not __declspec(nothrow)
c:\program files (x86)\microsoft visual studio 14.0\vc\include\my\winsocket.cpp(66): warning C4290: C++ exception specification ignored except to indicate a function is not __declspec(nothrow)
c:\program files (x86)\microsoft visual studio 14.0\vc\include\my\winsocket.cpp(70): warning C4290: C++ exception specification ignored except to indicate a function is not __declspec(nothrow)
c:\program files (x86)\microsoft visual studio 14.0\vc\include\my\winsocket.cpp(75): warning C4290: C++ exception specification ignored except to indicate a function is not __declspec(nothrow)
c:\program files (x86)\microsoft visual studio 14.0\vc\include\my\winsocket.cpp(83): warning C4290: C++ exception specification ignored except to indicate a function is not __declspec(nothrow)
c:\program files (x86)\microsoft visual studio 14.0\vc\include\my\winsocket.cpp(88): warning C4290: C++ exception specification ignored except to indicate a function is not __declspec(nothrow)
c:\program files (x86)\microsoft visual studio 14.0\vc\include\my\winsocket.cpp(93): warning C4290: C++ exception specification ignored except to indicate a function is not __declspec(nothrow)
c:\program files (x86)\microsoft visual studio 14.0\vc\include\my\winsocket.cpp(98): warning C4290: C++ exception specification ignored except to indicate a function is not __declspec(nothrow)
c:\program files (x86)\microsoft visual studio 14.0\vc\include\my\winsocket.cpp(110): warning C4290: C++ exception specification ignored except to indicate a function is not __declspec(nothrow)
c:\program files (x86)\microsoft visual studio 14.0\vc\include\my\winsocket.cpp(121): warning C4290: C++ exception specification ignored except to indicate a function is not __declspec(nothrow)
c:\program files (x86)\microsoft visual studio 14.0\vc\include\my\winsocket.cpp(125): warning C4290: C++ exception specification ignored except to indicate a function is not __declspec(nothrow)
c:\program files (x86)\microsoft visual studio 14.0\vc\include\my\winsocket.cpp(136): warning C4290: C++ exception specification ignored except to indicate a function is not __declspec(nothrow)
c:\program files (x86)\microsoft visual studio 14.0\vc\include\my\winsocket.cpp(144): warning C4290: C++ exception specification ignored except to indicate a function is not __declspec(nothrow)
  Generating Code...
  WinSocket.vcxproj -> D:\Книги\Прога\7 семестр\Базы данных\Chat3\chat_server\Debug\WinSocketWrap.lib
