C:\Program Files (x86)\MSBuild\Microsoft.Cpp\v4.0\V140\Microsoft.CppClean.targets(76,5): warning : The process cannot access the file 'd:\книги\прога\7 семестр\базы данных\chat3\chat_server\release\chat_server.pdb' because it is being used by another process.
  main.cpp
c:\program files (x86)\microsoft visual studio 14.0\vc\include\my\WinSocket.h(22): warning C4290: C++ exception specification ignored except to indicate a function is not __declspec(nothrow)
c:\program files (x86)\microsoft visual studio 14.0\vc\include\my\WinSocket.h(23): warning C4290: C++ exception specification ignored except to indicate a function is not __declspec(nothrow)
c:\program files (x86)\microsoft visual studio 14.0\vc\include\my\WinSocket.h(24): warning C4290: C++ exception specification ignored except to indicate a function is not __declspec(nothrow)
c:\program files (x86)\microsoft visual studio 14.0\vc\include\my\WinSocket.h(38): warning C4290: C++ exception specification ignored except to indicate a function is not __declspec(nothrow)
c:\program files (x86)\microsoft visual studio 14.0\vc\include\my\WinSocket.h(42): warning C4290: C++ exception specification ignored except to indicate a function is not __declspec(nothrow)
c:\program files (x86)\microsoft visual studio 14.0\vc\include\my\WinSocket.h(46): warning C4290: C++ exception specification ignored except to indicate a function is not __declspec(nothrow)
c:\program files (x86)\microsoft visual studio 14.0\vc\include\my\WinSocket.h(50): warning C4290: C++ exception specification ignored except to indicate a function is not __declspec(nothrow)
c:\program files (x86)\microsoft visual studio 14.0\vc\include\my\WinSocket.h(51): warning C4290: C++ exception specification ignored except to indicate a function is not __declspec(nothrow)
c:\program files (x86)\microsoft visual studio 14.0\vc\include\my\WinSocket.h(55): warning C4290: C++ exception specification ignored except to indicate a function is not __declspec(nothrow)
c:\program files (x86)\microsoft visual studio 14.0\vc\include\my\WinSocket.h(59): warning C4290: C++ exception specification ignored except to indicate a function is not __declspec(nothrow)
c:\program files (x86)\microsoft visual studio 14.0\vc\include\my\WinSocket.h(62): warning C4290: C++ exception specification ignored except to indicate a function is not __declspec(nothrow)
c:\program files (x86)\microsoft visual studio 14.0\vc\include\my\WinSocket.h(65): warning C4290: C++ exception specification ignored except to indicate a function is not __declspec(nothrow)
c:\program files (x86)\microsoft visual studio 14.0\vc\include\my\WinSocket.h(68): warning C4290: C++ exception specification ignored except to indicate a function is not __declspec(nothrow)
c:\program files (x86)\microsoft visual studio 14.0\vc\include\my\WinSocket.h(73): warning C4290: C++ exception specification ignored except to indicate a function is not __declspec(nothrow)
c:\program files (x86)\microsoft visual studio 14.0\vc\include\my\WinSocket.h(77): warning C4290: C++ exception specification ignored except to indicate a function is not __declspec(nothrow)
c:\program files (x86)\microsoft visual studio 14.0\vc\include\my\WinSocket.h(78): warning C4290: C++ exception specification ignored except to indicate a function is not __declspec(nothrow)
C:\Program Files (x86)\Microsoft Visual Studio 14.0\VC\include\My\WinSockBaseSerialization.h(13): warning C4290: C++ exception specification ignored except to indicate a function is not __declspec(nothrow)
C:\Program Files (x86)\Microsoft Visual Studio 14.0\VC\include\My\WinSockBaseSerialization.h(15): warning C4267: 'argument': conversion from 'size_t' to 'const unsigned short', possible loss of data
C:\Program Files (x86)\Microsoft Visual Studio 14.0\VC\include\My\WinSockBaseSerialization.h(19): warning C4267: 'argument': conversion from 'size_t' to 'const unsigned short', possible loss of data
C:\Program Files (x86)\Microsoft Visual Studio 14.0\VC\include\My\WinSockBaseSerialization.h(24): warning C4290: C++ exception specification ignored except to indicate a function is not __declspec(nothrow)
  Generating code
  All 1040 functions were compiled because no usable IPDB/IOBJ from previous compilation was found.
  Finished generating code
  chat_server.vcxproj -> D:\Книги\Прога\7 семестр\Базы данных\Chat3\chat_server\Release\chat_server.exe
