  WinSocket.cpp
c:\program files (x86)\microsoft visual studio 14.0\vc\include\my\WinSocket.h(22): warning C4290: C++ exception specification ignored except to indicate a function is not __declspec(nothrow)
c:\program files (x86)\microsoft visual studio 14.0\vc\include\my\WinSocket.h(23): warning C4290: C++ exception specification ignored except to indicate a function is not __declspec(nothrow)
c:\program files (x86)\microsoft visual studio 14.0\vc\include\my\WinSocket.h(24): warning C4290: C++ exception specification ignored except to indicate a function is not __declspec(nothrow)
c:\program files (x86)\microsoft visual studio 14.0\vc\include\my\WinSocket.h(38): warning C4290: C++ exception specification ignored except to indicate a function is not __declspec(nothrow)
c:\program files (x86)\microsoft visual studio 14.0\vc\include\my\WinSocket.h(42): warning C4290: C++ exception specification ignored except to indicate a function is not __declspec(nothrow)
c:\program files (x86)\microsoft visual studio 14.0\vc\include\my\WinSocket.h(46): warning C4290: C++ exception specification ignored except to indicate a function is not __declspec(nothrow)
c:\program files (x86)\microsoft visual studio 14.0\vc\include\my\WinSocket.h(50): warning C4290: C++ exception specification ignored except to indicate a function is not __declspec(nothrow)
c:\program files (x86)\microsoft visual studio 14.0\vc\include\my\WinSocket.h(51): warning C4290: C++ exception specification ignored except to indicate a function is not __declspec(nothrow)
c:\program files (x86)\microsoft visual studio 14.0\vc\include\my\WinSocket.h(55): warning C4290: C++ exception specification ignored except to indicate a function is not __declspec(nothrow)
c:\program files (x86)\microsoft visual studio 14.0\vc\include\my\WinSocket.h(59): warning C4290: C++ exception specification ignored except to indicate a function is not __declspec(nothrow)
c:\program files (x86)\microsoft visual studio 14.0\vc\include\my\WinSocket.h(62): warning C4290: C++ exception specification ignored except to indicate a function is not __declspec(nothrow)
c:\program files (x86)\microsoft visual studio 14.0\vc\include\my\WinSocket.h(65): warning C4290: C++ exception specification ignored except to indicate a function is not __declspec(nothrow)
c:\program files (x86)\microsoft visual studio 14.0\vc\include\my\WinSocket.h(68): warning C4290: C++ exception specification ignored except to indicate a function is not __declspec(nothrow)
c:\program files (x86)\microsoft visual studio 14.0\vc\include\my\WinSocket.h(73): warning C4290: C++ exception specification ignored except to indicate a function is not __declspec(nothrow)
c:\program files (x86)\microsoft visual studio 14.0\vc\include\my\WinSocket.h(77): warning C4290: C++ exception specification ignored except to indicate a function is not __declspec(nothrow)
c:\program files (x86)\microsoft visual studio 14.0\vc\include\my\WinSocket.h(78): warning C4290: C++ exception specification ignored except to indicate a function is not __declspec(nothrow)
C:\Program Files (x86)\Microsoft Visual Studio 14.0\VC\include\My\WinSocket.cpp(17): warning C4290: C++ exception specification ignored except to indicate a function is not __declspec(nothrow)
C:\Program Files (x86)\Microsoft Visual Studio 14.0\VC\include\My\WinSocket.cpp(26): warning C4290: C++ exception specification ignored except to indicate a function is not __declspec(nothrow)
C:\Program Files (x86)\Microsoft Visual Studio 14.0\VC\include\My\WinSocket.cpp(42): warning C4290: C++ exception specification ignored except to indicate a function is not __declspec(nothrow)
C:\Program Files (x86)\Microsoft Visual Studio 14.0\VC\include\My\WinSocket.cpp(48): warning C4290: C++ exception specification ignored except to indicate a function is not __declspec(nothrow)
C:\Program Files (x86)\Microsoft Visual Studio 14.0\VC\include\My\WinSocket.cpp(49): warning C4290: C++ exception specification ignored except to indicate a function is not __declspec(nothrow)
C:\Program Files (x86)\Microsoft Visual Studio 14.0\VC\include\My\WinSocket.cpp(53): warning C4290: C++ exception specification ignored except to indicate a function is not __declspec(nothrow)
C:\Program Files (x86)\Microsoft Visual Studio 14.0\VC\include\My\WinSocket.cpp(65): warning C4290: C++ exception specification ignored except to indicate a function is not __declspec(nothrow)
C:\Program Files (x86)\Microsoft Visual Studio 14.0\VC\include\My\WinSocket.cpp(69): warning C4290: C++ exception specification ignored except to indicate a function is not __declspec(nothrow)
C:\Program Files (x86)\Microsoft Visual Studio 14.0\VC\include\My\WinSocket.cpp(74): warning C4290: C++ exception specification ignored except to indicate a function is not __declspec(nothrow)
C:\Program Files (x86)\Microsoft Visual Studio 14.0\VC\include\My\WinSocket.cpp(82): warning C4290: C++ exception specification ignored except to indicate a function is not __declspec(nothrow)
C:\Program Files (x86)\Microsoft Visual Studio 14.0\VC\include\My\WinSocket.cpp(87): warning C4290: C++ exception specification ignored except to indicate a function is not __declspec(nothrow)
C:\Program Files (x86)\Microsoft Visual Studio 14.0\VC\include\My\WinSocket.cpp(92): warning C4290: C++ exception specification ignored except to indicate a function is not __declspec(nothrow)
C:\Program Files (x86)\Microsoft Visual Studio 14.0\VC\include\My\WinSocket.cpp(97): warning C4290: C++ exception specification ignored except to indicate a function is not __declspec(nothrow)
C:\Program Files (x86)\Microsoft Visual Studio 14.0\VC\include\My\WinSocket.cpp(109): warning C4290: C++ exception specification ignored except to indicate a function is not __declspec(nothrow)
C:\Program Files (x86)\Microsoft Visual Studio 14.0\VC\include\My\WinSocket.cpp(120): warning C4290: C++ exception specification ignored except to indicate a function is not __declspec(nothrow)
C:\Program Files (x86)\Microsoft Visual Studio 14.0\VC\include\My\WinSocket.cpp(124): warning C4290: C++ exception specification ignored except to indicate a function is not __declspec(nothrow)
C:\Program Files (x86)\Microsoft Visual Studio 14.0\VC\include\My\WinSocket.cpp(135): warning C4290: C++ exception specification ignored except to indicate a function is not __declspec(nothrow)
C:\Program Files (x86)\Microsoft Visual Studio 14.0\VC\include\My\WinSocket.cpp(143): warning C4290: C++ exception specification ignored except to indicate a function is not __declspec(nothrow)
  WinSockBaseSerialization.cpp
c:\program files (x86)\microsoft visual studio 14.0\vc\include\my\WinSocket.h(22): warning C4290: C++ exception specification ignored except to indicate a function is not __declspec(nothrow)
c:\program files (x86)\microsoft visual studio 14.0\vc\include\my\WinSocket.h(23): warning C4290: C++ exception specification ignored except to indicate a function is not __declspec(nothrow)
c:\program files (x86)\microsoft visual studio 14.0\vc\include\my\WinSocket.h(24): warning C4290: C++ exception specification ignored except to indicate a function is not __declspec(nothrow)
c:\program files (x86)\microsoft visual studio 14.0\vc\include\my\WinSocket.h(38): warning C4290: C++ exception specification ignored except to indicate a function is not __declspec(nothrow)
c:\program files (x86)\microsoft visual studio 14.0\vc\include\my\WinSocket.h(42): warning C4290: C++ exception specification ignored except to indicate a function is not __declspec(nothrow)
c:\program files (x86)\microsoft visual studio 14.0\vc\include\my\WinSocket.h(46): warning C4290: C++ exception specification ignored except to indicate a function is not __declspec(nothrow)
c:\program files (x86)\microsoft visual studio 14.0\vc\include\my\WinSocket.h(50): warning C4290: C++ exception specification ignored except to indicate a function is not __declspec(nothrow)
c:\program files (x86)\microsoft visual studio 14.0\vc\include\my\WinSocket.h(51): warning C4290: C++ exception specification ignored except to indicate a function is not __declspec(nothrow)
c:\program files (x86)\microsoft visual studio 14.0\vc\include\my\WinSocket.h(55): warning C4290: C++ exception specification ignored except to indicate a function is not __declspec(nothrow)
c:\program files (x86)\microsoft visual studio 14.0\vc\include\my\WinSocket.h(59): warning C4290: C++ exception specification ignored except to indicate a function is not __declspec(nothrow)
c:\program files (x86)\microsoft visual studio 14.0\vc\include\my\WinSocket.h(62): warning C4290: C++ exception specification ignored except to indicate a function is not __declspec(nothrow)
c:\program files (x86)\microsoft visual studio 14.0\vc\include\my\WinSocket.h(65): warning C4290: C++ exception specification ignored except to indicate a function is not __declspec(nothrow)
c:\program files (x86)\microsoft visual studio 14.0\vc\include\my\WinSocket.h(68): warning C4290: C++ exception specification ignored except to indicate a function is not __declspec(nothrow)
c:\program files (x86)\microsoft visual studio 14.0\vc\include\my\WinSocket.h(73): warning C4290: C++ exception specification ignored except to indicate a function is not __declspec(nothrow)
c:\program files (x86)\microsoft visual studio 14.0\vc\include\my\WinSocket.h(77): warning C4290: C++ exception specification ignored except to indicate a function is not __declspec(nothrow)
c:\program files (x86)\microsoft visual studio 14.0\vc\include\my\WinSocket.h(78): warning C4290: C++ exception specification ignored except to indicate a function is not __declspec(nothrow)
c:\program files (x86)\microsoft visual studio 14.0\vc\include\my\WinSockBaseSerialization.h(13): warning C4290: C++ exception specification ignored except to indicate a function is not __declspec(nothrow)
c:\program files (x86)\microsoft visual studio 14.0\vc\include\my\WinSockBaseSerialization.h(15): warning C4267: 'argument': conversion from 'size_t' to 'const unsigned short', possible loss of data
c:\program files (x86)\microsoft visual studio 14.0\vc\include\my\WinSockBaseSerialization.h(19): warning C4267: 'argument': conversion from 'size_t' to 'const unsigned short', possible loss of data
c:\program files (x86)\microsoft visual studio 14.0\vc\include\my\WinSockBaseSerialization.h(24): warning C4290: C++ exception specification ignored except to indicate a function is not __declspec(nothrow)
C:\Program Files (x86)\Microsoft Visual Studio 14.0\VC\include\My\WinSockBaseSerialization.cpp(5): warning C4290: C++ exception specification ignored except to indicate a function is not __declspec(nothrow)
C:\Program Files (x86)\Microsoft Visual Studio 14.0\VC\include\My\WinSockBaseSerialization.cpp(6): warning C4838: conversion from 'int' to 'char' requires a narrowing conversion
C:\Program Files (x86)\Microsoft Visual Studio 14.0\VC\include\My\WinSockBaseSerialization.cpp(12): warning C4290: C++ exception specification ignored except to indicate a function is not __declspec(nothrow)
  WinSocket.vcxproj -> D:\Книги\Прога\7 семестр\Базы данных\Chat3\chat_server\Release\WinSocket.lib
